{"date":"Wed Feb 25 2026 13:16:35 GMT+0530 (India Standard Time)","error":{},"exception":true,"level":"error","message":"uncaughtException: ⨯ Unable to compile TypeScript:\nsrc/service/superAdmin.service.ts(31,5): error TS2304: Cannot find name 'logger'.\n\nError: ⨯ Unable to compile TypeScript:\nsrc/service/superAdmin.service.ts(31,5): error TS2304: Cannot find name 'logger'.\n\n    at Object.<anonymous> (/home/hritikbhadauria/scaffSnapp_microservices/services/superAdminServices/src/service/superAdmin.service.ts:1:7)\n    at Module._compile (node:internal/modules/cjs/loader:1521:14)\n    at Module._compile (/home/hritikbhadauria/scaffSnapp_microservices/services/superAdminServices/node_modules/source-map-support/source-map-support.js:521:25)\n    at Module.m._compile (/tmp/ts-node-dev-hook-9466476069419902.js:69:33)\n    at Module._extensions..js (node:internal/modules/cjs/loader:1623:10)\n    at require.extensions..jsx.require.extensions..js (/tmp/ts-node-dev-hook-9466476069419902.js:114:20)\n    at require.extensions.<computed> (/tmp/ts-node-dev-hook-9466476069419902.js:71:20)\n    at Object.nodeDevHook [as .ts] (/home/hritikbhadauria/scaffSnapp_microservices/services/superAdminServices/node_modules/ts-node-dev/lib/hook.js:63:13)\n    at Module.load (node:internal/modules/cjs/loader:1266:32)\n    at Function.Module._load (node:internal/modules/cjs/loader:1091:12)","os":{"loadavg":[8.04,9.23,9.41],"uptime":12507.13},"process":{"argv":["/snap/node/11096/bin/node","src/app.ts"],"cwd":"/home/hritikbhadauria/scaffSnapp_microservices/services/superAdminServices","execPath":"/snap/node/11096/bin/node","gid":1002,"memoryUsage":{"arrayBuffers":49823,"external":2336440,"heapTotal":58257408,"heapUsed":36234664,"rss":108548096},"pid":255125,"uid":1002,"version":"v20.20.0"},"service":"superadmin-service","stack":"Error: ⨯ Unable to compile TypeScript:\nsrc/service/superAdmin.service.ts(31,5): error TS2304: Cannot find name 'logger'.\n\n    at Object.<anonymous> (/home/hritikbhadauria/scaffSnapp_microservices/services/superAdminServices/src/service/superAdmin.service.ts:1:7)\n    at Module._compile (node:internal/modules/cjs/loader:1521:14)\n    at Module._compile (/home/hritikbhadauria/scaffSnapp_microservices/services/superAdminServices/node_modules/source-map-support/source-map-support.js:521:25)\n    at Module.m._compile (/tmp/ts-node-dev-hook-9466476069419902.js:69:33)\n    at Module._extensions..js (node:internal/modules/cjs/loader:1623:10)\n    at require.extensions..jsx.require.extensions..js (/tmp/ts-node-dev-hook-9466476069419902.js:114:20)\n    at require.extensions.<computed> (/tmp/ts-node-dev-hook-9466476069419902.js:71:20)\n    at Object.nodeDevHook [as .ts] (/home/hritikbhadauria/scaffSnapp_microservices/services/superAdminServices/node_modules/ts-node-dev/lib/hook.js:63:13)\n    at Module.load (node:internal/modules/cjs/loader:1266:32)\n    at Function.Module._load (node:internal/modules/cjs/loader:1091:12)","trace":[{"column":7,"file":"/home/hritikbhadauria/scaffSnapp_microservices/services/superAdminServices/src/service/superAdmin.service.ts","function":null,"line":1,"method":null,"native":false},{"column":14,"file":"node:internal/modules/cjs/loader","function":"Module._compile","line":1521,"method":"_compile","native":false},{"column":25,"file":"/home/hritikbhadauria/scaffSnapp_microservices/services/superAdminServices/node_modules/source-map-support/source-map-support.js","function":"Module._compile","line":521,"method":"_compile","native":false},{"column":33,"file":"/tmp/ts-node-dev-hook-9466476069419902.js","function":"Module.m._compile","line":69,"method":"_compile","native":false},{"column":10,"file":"node:internal/modules/cjs/loader","function":"Module._extensions..js","line":1623,"method":".js","native":false},{"column":20,"file":"/tmp/ts-node-dev-hook-9466476069419902.js","function":"require.extensions..jsx.require.extensions..js","line":114,"method":".js","native":false},{"column":20,"file":"/tmp/ts-node-dev-hook-9466476069419902.js","function":"require.extensions.<computed>","line":71,"method":"<computed>","native":false},{"column":13,"file":"/home/hritikbhadauria/scaffSnapp_microservices/services/superAdminServices/node_modules/ts-node-dev/lib/hook.js","function":"Object.nodeDevHook [as .ts]","line":63,"method":"ts]","native":false},{"column":32,"file":"node:internal/modules/cjs/loader","function":"Module.load","line":1266,"method":"load","native":false},{"column":12,"file":"node:internal/modules/cjs/loader","function":"Module._load","line":1091,"method":"_load","native":false}]}
{"date":"Wed Feb 25 2026 13:17:14 GMT+0530 (India Standard Time)","error":{},"exception":true,"level":"error","message":"uncaughtException: ⨯ Unable to compile TypeScript:\nsrc/service/superAdmin.service.ts(31,5): error TS2304: Cannot find name 'logger'.\n\nError: ⨯ Unable to compile TypeScript:\nsrc/service/superAdmin.service.ts(31,5): error TS2304: Cannot find name 'logger'.\n\n    at Object.<anonymous> (/home/hritikbhadauria/scaffSnapp_microservices/services/superAdminServices/src/service/superAdmin.service.ts:1:7)\n    at Module._compile (node:internal/modules/cjs/loader:1521:14)\n    at Module._compile (/home/hritikbhadauria/scaffSnapp_microservices/services/superAdminServices/node_modules/source-map-support/source-map-support.js:521:25)\n    at Module.m._compile (/tmp/ts-node-dev-hook-9466476069419902.js:69:33)\n    at Module._extensions..js (node:internal/modules/cjs/loader:1623:10)\n    at require.extensions..jsx.require.extensions..js (/tmp/ts-node-dev-hook-9466476069419902.js:114:20)\n    at require.extensions.<computed> (/tmp/ts-node-dev-hook-9466476069419902.js:71:20)\n    at Object.nodeDevHook [as .ts] (/home/hritikbhadauria/scaffSnapp_microservices/services/superAdminServices/node_modules/ts-node-dev/lib/hook.js:63:13)\n    at Module.load (node:internal/modules/cjs/loader:1266:32)\n    at Function.Module._load (node:internal/modules/cjs/loader:1091:12)","os":{"loadavg":[9.47,9.4,9.46],"uptime":12545.82},"process":{"argv":["/snap/node/11096/bin/node","src/app.ts"],"cwd":"/home/hritikbhadauria/scaffSnapp_microservices/services/superAdminServices","execPath":"/snap/node/11096/bin/node","gid":1002,"memoryUsage":{"arrayBuffers":49823,"external":2336440,"heapTotal":58519552,"heapUsed":28795656,"rss":109199360},"pid":256051,"uid":1002,"version":"v20.20.0"},"service":"superadmin-service","stack":"Error: ⨯ Unable to compile TypeScript:\nsrc/service/superAdmin.service.ts(31,5): error TS2304: Cannot find name 'logger'.\n\n    at Object.<anonymous> (/home/hritikbhadauria/scaffSnapp_microservices/services/superAdminServices/src/service/superAdmin.service.ts:1:7)\n    at Module._compile (node:internal/modules/cjs/loader:1521:14)\n    at Module._compile (/home/hritikbhadauria/scaffSnapp_microservices/services/superAdminServices/node_modules/source-map-support/source-map-support.js:521:25)\n    at Module.m._compile (/tmp/ts-node-dev-hook-9466476069419902.js:69:33)\n    at Module._extensions..js (node:internal/modules/cjs/loader:1623:10)\n    at require.extensions..jsx.require.extensions..js (/tmp/ts-node-dev-hook-9466476069419902.js:114:20)\n    at require.extensions.<computed> (/tmp/ts-node-dev-hook-9466476069419902.js:71:20)\n    at Object.nodeDevHook [as .ts] (/home/hritikbhadauria/scaffSnapp_microservices/services/superAdminServices/node_modules/ts-node-dev/lib/hook.js:63:13)\n    at Module.load (node:internal/modules/cjs/loader:1266:32)\n    at Function.Module._load (node:internal/modules/cjs/loader:1091:12)","trace":[{"column":7,"file":"/home/hritikbhadauria/scaffSnapp_microservices/services/superAdminServices/src/service/superAdmin.service.ts","function":null,"line":1,"method":null,"native":false},{"column":14,"file":"node:internal/modules/cjs/loader","function":"Module._compile","line":1521,"method":"_compile","native":false},{"column":25,"file":"/home/hritikbhadauria/scaffSnapp_microservices/services/superAdminServices/node_modules/source-map-support/source-map-support.js","function":"Module._compile","line":521,"method":"_compile","native":false},{"column":33,"file":"/tmp/ts-node-dev-hook-9466476069419902.js","function":"Module.m._compile","line":69,"method":"_compile","native":false},{"column":10,"file":"node:internal/modules/cjs/loader","function":"Module._extensions..js","line":1623,"method":".js","native":false},{"column":20,"file":"/tmp/ts-node-dev-hook-9466476069419902.js","function":"require.extensions..jsx.require.extensions..js","line":114,"method":".js","native":false},{"column":20,"file":"/tmp/ts-node-dev-hook-9466476069419902.js","function":"require.extensions.<computed>","line":71,"method":"<computed>","native":false},{"column":13,"file":"/home/hritikbhadauria/scaffSnapp_microservices/services/superAdminServices/node_modules/ts-node-dev/lib/hook.js","function":"Object.nodeDevHook [as .ts]","line":63,"method":"ts]","native":false},{"column":32,"file":"node:internal/modules/cjs/loader","function":"Module.load","line":1266,"method":"load","native":false},{"column":12,"file":"node:internal/modules/cjs/loader","function":"Module._load","line":1091,"method":"_load","native":false}]}
{"date":"Wed Feb 25 2026 15:20:34 GMT+0530 (India Standard Time)","error":{},"exception":true,"level":"error","message":"uncaughtException: ⨯ Unable to compile TypeScript:\nsrc/controllers/superAdmin.controller.ts(7,3): error TS7008: Member 'privatereadonly' implicitly has an 'any' type.\nsrc/controllers/superAdmin.controller.ts(7,3): error TS1435: Unknown keyword or identifier. Did you mean 'private readonly'?\n\nError: ⨯ Unable to compile TypeScript:\nsrc/controllers/superAdmin.controller.ts(7,3): error TS7008: Member 'privatereadonly' implicitly has an 'any' type.\nsrc/controllers/superAdmin.controller.ts(7,3): error TS1435: Unknown keyword or identifier. Did you mean 'private readonly'?\n\n    at Object.<anonymous> (/home/hritikbhadauria/scaffSnapp_microservices/services/superAdminServices/src/controllers/superAdmin.controller.ts:1:7)\n    at Module._compile (node:internal/modules/cjs/loader:1521:14)\n    at Module._compile (/home/hritikbhadauria/scaffSnapp_microservices/services/superAdminServices/node_modules/source-map-support/source-map-support.js:521:25)\n    at Module.m._compile (/tmp/ts-node-dev-hook-09486019069640372.js:69:33)\n    at Module._extensions..js (node:internal/modules/cjs/loader:1623:10)\n    at require.extensions..jsx.require.extensions..js (/tmp/ts-node-dev-hook-09486019069640372.js:114:20)\n    at require.extensions.<computed> (/tmp/ts-node-dev-hook-09486019069640372.js:71:20)\n    at Object.nodeDevHook [as .ts] (/home/hritikbhadauria/scaffSnapp_microservices/services/superAdminServices/node_modules/ts-node-dev/lib/hook.js:63:13)\n    at Module.load (node:internal/modules/cjs/loader:1266:32)\n    at Function.Module._load (node:internal/modules/cjs/loader:1091:12)","os":{"loadavg":[2.06,1.94,2.22],"uptime":19945.46},"process":{"argv":["/snap/node/11096/bin/node","src/app.ts"],"cwd":"/home/hritikbhadauria/scaffSnapp_microservices/services/superAdminServices","execPath":"/snap/node/11096/bin/node","gid":1002,"memoryUsage":{"arrayBuffers":49823,"external":2336726,"heapTotal":55111680,"heapUsed":23423488,"rss":97755136},"pid":426638,"uid":1002,"version":"v20.20.0"},"service":"superadmin-service","stack":"Error: ⨯ Unable to compile TypeScript:\nsrc/controllers/superAdmin.controller.ts(7,3): error TS7008: Member 'privatereadonly' implicitly has an 'any' type.\nsrc/controllers/superAdmin.controller.ts(7,3): error TS1435: Unknown keyword or identifier. Did you mean 'private readonly'?\n\n    at Object.<anonymous> (/home/hritikbhadauria/scaffSnapp_microservices/services/superAdminServices/src/controllers/superAdmin.controller.ts:1:7)\n    at Module._compile (node:internal/modules/cjs/loader:1521:14)\n    at Module._compile (/home/hritikbhadauria/scaffSnapp_microservices/services/superAdminServices/node_modules/source-map-support/source-map-support.js:521:25)\n    at Module.m._compile (/tmp/ts-node-dev-hook-09486019069640372.js:69:33)\n    at Module._extensions..js (node:internal/modules/cjs/loader:1623:10)\n    at require.extensions..jsx.require.extensions..js (/tmp/ts-node-dev-hook-09486019069640372.js:114:20)\n    at require.extensions.<computed> (/tmp/ts-node-dev-hook-09486019069640372.js:71:20)\n    at Object.nodeDevHook [as .ts] (/home/hritikbhadauria/scaffSnapp_microservices/services/superAdminServices/node_modules/ts-node-dev/lib/hook.js:63:13)\n    at Module.load (node:internal/modules/cjs/loader:1266:32)\n    at Function.Module._load (node:internal/modules/cjs/loader:1091:12)","trace":[{"column":7,"file":"/home/hritikbhadauria/scaffSnapp_microservices/services/superAdminServices/src/controllers/superAdmin.controller.ts","function":null,"line":1,"method":null,"native":false},{"column":14,"file":"node:internal/modules/cjs/loader","function":"Module._compile","line":1521,"method":"_compile","native":false},{"column":25,"file":"/home/hritikbhadauria/scaffSnapp_microservices/services/superAdminServices/node_modules/source-map-support/source-map-support.js","function":"Module._compile","line":521,"method":"_compile","native":false},{"column":33,"file":"/tmp/ts-node-dev-hook-09486019069640372.js","function":"Module.m._compile","line":69,"method":"_compile","native":false},{"column":10,"file":"node:internal/modules/cjs/loader","function":"Module._extensions..js","line":1623,"method":".js","native":false},{"column":20,"file":"/tmp/ts-node-dev-hook-09486019069640372.js","function":"require.extensions..jsx.require.extensions..js","line":114,"method":".js","native":false},{"column":20,"file":"/tmp/ts-node-dev-hook-09486019069640372.js","function":"require.extensions.<computed>","line":71,"method":"<computed>","native":false},{"column":13,"file":"/home/hritikbhadauria/scaffSnapp_microservices/services/superAdminServices/node_modules/ts-node-dev/lib/hook.js","function":"Object.nodeDevHook [as .ts]","line":63,"method":"ts]","native":false},{"column":32,"file":"node:internal/modules/cjs/loader","function":"Module.load","line":1266,"method":"load","native":false},{"column":12,"file":"node:internal/modules/cjs/loader","function":"Module._load","line":1091,"method":"_load","native":false}]}
{"date":"Wed Feb 25 2026 16:07:58 GMT+0530 (India Standard Time)","error":{},"exception":true,"level":"error","message":"uncaughtException: ⨯ Unable to compile TypeScript:\nsrc/service/superAdmin.service.ts(196,9): error TS2740: Type 'Promise<UpdateResult>' is missing the following properties from type 'DeviceSession': id, userId, refreshTokenHash, expiresAt, and 3 more.\nsrc/service/superAdmin.service.ts(196,41): error TS2554: Expected 2 arguments, but got 1.\nsrc/service/superAdmin.service.ts(220,45): error TS2769: No overload matches this call.\n  Overload 1 of 4, '(entities: DeepPartial<DeviceSession>[], options?: SaveOptions | undefined): Promise<(DeepPartial<DeviceSession> & DeviceSession)[]>', gave the following error.\n    Argument of type 'DeviceSession | null' is not assignable to parameter of type 'DeepPartial<DeviceSession>[]'.\n      Type 'null' is not assignable to type 'DeepPartial<DeviceSession>[]'.\n  Overload 2 of 4, '(entity: DeepPartial<DeviceSession>, options?: SaveOptions | undefined): Promise<DeepPartial<DeviceSession> & DeviceSession>', gave the following error.\n    Argument of type 'DeviceSession | null' is not assignable to parameter of type 'DeepPartial<DeviceSession>'.\n      Type 'null' is not assignable to type 'DeepPartial<DeviceSession>'.\n\nError: ⨯ Unable to compile TypeScript:\nsrc/service/superAdmin.service.ts(196,9): error TS2740: Type 'Promise<UpdateResult>' is missing the following properties from type 'DeviceSession': id, userId, refreshTokenHash, expiresAt, and 3 more.\nsrc/service/superAdmin.service.ts(196,41): error TS2554: Expected 2 arguments, but got 1.\nsrc/service/superAdmin.service.ts(220,45): error TS2769: No overload matches this call.\n  Overload 1 of 4, '(entities: DeepPartial<DeviceSession>[], options?: SaveOptions | undefined): Promise<(DeepPartial<DeviceSession> & DeviceSession)[]>', gave the following error.\n    Argument of type 'DeviceSession | null' is not assignable to parameter of type 'DeepPartial<DeviceSession>[]'.\n      Type 'null' is not assignable to type 'DeepPartial<DeviceSession>[]'.\n  Overload 2 of 4, '(entity: DeepPartial<DeviceSession>, options?: SaveOptions | undefined): Promise<DeepPartial<DeviceSession> & DeviceSession>', gave the following error.\n    Argument of type 'DeviceSession | null' is not assignable to parameter of type 'DeepPartial<DeviceSession>'.\n      Type 'null' is not assignable to type 'DeepPartial<DeviceSession>'.\n\n    at Object.<anonymous> (/home/hritikbhadauria/scaffSnapp_microservices/services/superAdminServices/src/service/superAdmin.service.ts:1:7)\n    at Module._compile (node:internal/modules/cjs/loader:1521:14)\n    at Module._compile (/home/hritikbhadauria/scaffSnapp_microservices/services/superAdminServices/node_modules/source-map-support/source-map-support.js:521:25)\n    at Module.m._compile (/tmp/ts-node-dev-hook-930638005189776.js:69:33)\n    at Module._extensions..js (node:internal/modules/cjs/loader:1623:10)\n    at require.extensions..jsx.require.extensions..js (/tmp/ts-node-dev-hook-930638005189776.js:114:20)\n    at require.extensions.<computed> (/tmp/ts-node-dev-hook-930638005189776.js:71:20)\n    at Object.nodeDevHook [as .ts] (/home/hritikbhadauria/scaffSnapp_microservices/services/superAdminServices/node_modules/ts-node-dev/lib/hook.js:63:13)\n    at Module.load (node:internal/modules/cjs/loader:1266:32)\n    at Function.Module._load (node:internal/modules/cjs/loader:1091:12)","os":{"loadavg":[4.17,3.39,3.69],"uptime":22789.57},"process":{"argv":["/snap/node/11096/bin/node","src/app.ts"],"cwd":"/home/hritikbhadauria/scaffSnapp_microservices/services/superAdminServices","execPath":"/snap/node/11096/bin/node","gid":1002,"memoryUsage":{"arrayBuffers":49823,"external":2336726,"heapTotal":55373824,"heapUsed":22984200,"rss":96817152},"pid":491567,"uid":1002,"version":"v20.20.0"},"service":"superadmin-service","stack":"Error: ⨯ Unable to compile TypeScript:\nsrc/service/superAdmin.service.ts(196,9): error TS2740: Type 'Promise<UpdateResult>' is missing the following properties from type 'DeviceSession': id, userId, refreshTokenHash, expiresAt, and 3 more.\nsrc/service/superAdmin.service.ts(196,41): error TS2554: Expected 2 arguments, but got 1.\nsrc/service/superAdmin.service.ts(220,45): error TS2769: No overload matches this call.\n  Overload 1 of 4, '(entities: DeepPartial<DeviceSession>[], options?: SaveOptions | undefined): Promise<(DeepPartial<DeviceSession> & DeviceSession)[]>', gave the following error.\n    Argument of type 'DeviceSession | null' is not assignable to parameter of type 'DeepPartial<DeviceSession>[]'.\n      Type 'null' is not assignable to type 'DeepPartial<DeviceSession>[]'.\n  Overload 2 of 4, '(entity: DeepPartial<DeviceSession>, options?: SaveOptions | undefined): Promise<DeepPartial<DeviceSession> & DeviceSession>', gave the following error.\n    Argument of type 'DeviceSession | null' is not assignable to parameter of type 'DeepPartial<DeviceSession>'.\n      Type 'null' is not assignable to type 'DeepPartial<DeviceSession>'.\n\n    at Object.<anonymous> (/home/hritikbhadauria/scaffSnapp_microservices/services/superAdminServices/src/service/superAdmin.service.ts:1:7)\n    at Module._compile (node:internal/modules/cjs/loader:1521:14)\n    at Module._compile (/home/hritikbhadauria/scaffSnapp_microservices/services/superAdminServices/node_modules/source-map-support/source-map-support.js:521:25)\n    at Module.m._compile (/tmp/ts-node-dev-hook-930638005189776.js:69:33)\n    at Module._extensions..js (node:internal/modules/cjs/loader:1623:10)\n    at require.extensions..jsx.require.extensions..js (/tmp/ts-node-dev-hook-930638005189776.js:114:20)\n    at require.extensions.<computed> (/tmp/ts-node-dev-hook-930638005189776.js:71:20)\n    at Object.nodeDevHook [as .ts] (/home/hritikbhadauria/scaffSnapp_microservices/services/superAdminServices/node_modules/ts-node-dev/lib/hook.js:63:13)\n    at Module.load (node:internal/modules/cjs/loader:1266:32)\n    at Function.Module._load (node:internal/modules/cjs/loader:1091:12)","trace":[{"column":7,"file":"/home/hritikbhadauria/scaffSnapp_microservices/services/superAdminServices/src/service/superAdmin.service.ts","function":null,"line":1,"method":null,"native":false},{"column":14,"file":"node:internal/modules/cjs/loader","function":"Module._compile","line":1521,"method":"_compile","native":false},{"column":25,"file":"/home/hritikbhadauria/scaffSnapp_microservices/services/superAdminServices/node_modules/source-map-support/source-map-support.js","function":"Module._compile","line":521,"method":"_compile","native":false},{"column":33,"file":"/tmp/ts-node-dev-hook-930638005189776.js","function":"Module.m._compile","line":69,"method":"_compile","native":false},{"column":10,"file":"node:internal/modules/cjs/loader","function":"Module._extensions..js","line":1623,"method":".js","native":false},{"column":20,"file":"/tmp/ts-node-dev-hook-930638005189776.js","function":"require.extensions..jsx.require.extensions..js","line":114,"method":".js","native":false},{"column":20,"file":"/tmp/ts-node-dev-hook-930638005189776.js","function":"require.extensions.<computed>","line":71,"method":"<computed>","native":false},{"column":13,"file":"/home/hritikbhadauria/scaffSnapp_microservices/services/superAdminServices/node_modules/ts-node-dev/lib/hook.js","function":"Object.nodeDevHook [as .ts]","line":63,"method":"ts]","native":false},{"column":32,"file":"node:internal/modules/cjs/loader","function":"Module.load","line":1266,"method":"load","native":false},{"column":12,"file":"node:internal/modules/cjs/loader","function":"Module._load","line":1091,"method":"_load","native":false}]}
{"date":"Wed Feb 25 2026 16:08:13 GMT+0530 (India Standard Time)","error":{},"exception":true,"level":"error","message":"uncaughtException: ⨯ Unable to compile TypeScript:\nsrc/service/superAdmin.service.ts(196,31): error TS2554: Expected 2 arguments, but got 1.\n\nError: ⨯ Unable to compile TypeScript:\nsrc/service/superAdmin.service.ts(196,31): error TS2554: Expected 2 arguments, but got 1.\n\n    at Object.<anonymous> (/home/hritikbhadauria/scaffSnapp_microservices/services/superAdminServices/src/service/superAdmin.service.ts:1:7)\n    at Module._compile (node:internal/modules/cjs/loader:1521:14)\n    at Module._compile (/home/hritikbhadauria/scaffSnapp_microservices/services/superAdminServices/node_modules/source-map-support/source-map-support.js:521:25)\n    at Module.m._compile (/tmp/ts-node-dev-hook-930638005189776.js:69:33)\n    at Module._extensions..js (node:internal/modules/cjs/loader:1623:10)\n    at require.extensions..jsx.require.extensions..js (/tmp/ts-node-dev-hook-930638005189776.js:114:20)\n    at require.extensions.<computed> (/tmp/ts-node-dev-hook-930638005189776.js:71:20)\n    at Object.nodeDevHook [as .ts] (/home/hritikbhadauria/scaffSnapp_microservices/services/superAdminServices/node_modules/ts-node-dev/lib/hook.js:63:13)\n    at Module.load (node:internal/modules/cjs/loader:1266:32)\n    at Function.Module._load (node:internal/modules/cjs/loader:1091:12)","os":{"loadavg":[4.31,3.46,3.71],"uptime":22805.14},"process":{"argv":["/snap/node/11096/bin/node","src/app.ts"],"cwd":"/home/hritikbhadauria/scaffSnapp_microservices/services/superAdminServices","execPath":"/snap/node/11096/bin/node","gid":1002,"memoryUsage":{"arrayBuffers":49823,"external":2336726,"heapTotal":54849536,"heapUsed":23354840,"rss":96018432},"pid":491918,"uid":1002,"version":"v20.20.0"},"service":"superadmin-service","stack":"Error: ⨯ Unable to compile TypeScript:\nsrc/service/superAdmin.service.ts(196,31): error TS2554: Expected 2 arguments, but got 1.\n\n    at Object.<anonymous> (/home/hritikbhadauria/scaffSnapp_microservices/services/superAdminServices/src/service/superAdmin.service.ts:1:7)\n    at Module._compile (node:internal/modules/cjs/loader:1521:14)\n    at Module._compile (/home/hritikbhadauria/scaffSnapp_microservices/services/superAdminServices/node_modules/source-map-support/source-map-support.js:521:25)\n    at Module.m._compile (/tmp/ts-node-dev-hook-930638005189776.js:69:33)\n    at Module._extensions..js (node:internal/modules/cjs/loader:1623:10)\n    at require.extensions..jsx.require.extensions..js (/tmp/ts-node-dev-hook-930638005189776.js:114:20)\n    at require.extensions.<computed> (/tmp/ts-node-dev-hook-930638005189776.js:71:20)\n    at Object.nodeDevHook [as .ts] (/home/hritikbhadauria/scaffSnapp_microservices/services/superAdminServices/node_modules/ts-node-dev/lib/hook.js:63:13)\n    at Module.load (node:internal/modules/cjs/loader:1266:32)\n    at Function.Module._load (node:internal/modules/cjs/loader:1091:12)","trace":[{"column":7,"file":"/home/hritikbhadauria/scaffSnapp_microservices/services/superAdminServices/src/service/superAdmin.service.ts","function":null,"line":1,"method":null,"native":false},{"column":14,"file":"node:internal/modules/cjs/loader","function":"Module._compile","line":1521,"method":"_compile","native":false},{"column":25,"file":"/home/hritikbhadauria/scaffSnapp_microservices/services/superAdminServices/node_modules/source-map-support/source-map-support.js","function":"Module._compile","line":521,"method":"_compile","native":false},{"column":33,"file":"/tmp/ts-node-dev-hook-930638005189776.js","function":"Module.m._compile","line":69,"method":"_compile","native":false},{"column":10,"file":"node:internal/modules/cjs/loader","function":"Module._extensions..js","line":1623,"method":".js","native":false},{"column":20,"file":"/tmp/ts-node-dev-hook-930638005189776.js","function":"require.extensions..jsx.require.extensions..js","line":114,"method":".js","native":false},{"column":20,"file":"/tmp/ts-node-dev-hook-930638005189776.js","function":"require.extensions.<computed>","line":71,"method":"<computed>","native":false},{"column":13,"file":"/home/hritikbhadauria/scaffSnapp_microservices/services/superAdminServices/node_modules/ts-node-dev/lib/hook.js","function":"Object.nodeDevHook [as .ts]","line":63,"method":"ts]","native":false},{"column":32,"file":"node:internal/modules/cjs/loader","function":"Module.load","line":1266,"method":"load","native":false},{"column":12,"file":"node:internal/modules/cjs/loader","function":"Module._load","line":1091,"method":"_load","native":false}]}
{"date":"Wed Feb 25 2026 16:14:02 GMT+0530 (India Standard Time)","error":{},"exception":true,"level":"error","message":"uncaughtException: ⨯ Unable to compile TypeScript:\nsrc/service/superAdmin.service.ts(196,31): error TS2554: Expected 2 arguments, but got 1.\n\nError: ⨯ Unable to compile TypeScript:\nsrc/service/superAdmin.service.ts(196,31): error TS2554: Expected 2 arguments, but got 1.\n\n    at Object.<anonymous> (/home/hritikbhadauria/scaffSnapp_microservices/services/superAdminServices/src/service/superAdmin.service.ts:1:7)\n    at Module._compile (node:internal/modules/cjs/loader:1521:14)\n    at Module._compile (/home/hritikbhadauria/scaffSnapp_microservices/services/superAdminServices/node_modules/source-map-support/source-map-support.js:521:25)\n    at Module.m._compile (/tmp/ts-node-dev-hook-930638005189776.js:69:33)\n    at Module._extensions..js (node:internal/modules/cjs/loader:1623:10)\n    at require.extensions..jsx.require.extensions..js (/tmp/ts-node-dev-hook-930638005189776.js:114:20)\n    at require.extensions.<computed> (/tmp/ts-node-dev-hook-930638005189776.js:71:20)\n    at Object.nodeDevHook [as .ts] (/home/hritikbhadauria/scaffSnapp_microservices/services/superAdminServices/node_modules/ts-node-dev/lib/hook.js:63:13)\n    at Module.load (node:internal/modules/cjs/loader:1266:32)\n    at Function.Module._load (node:internal/modules/cjs/loader:1091:12)","os":{"loadavg":[1.66,2.27,3.09],"uptime":23153.3},"process":{"argv":["/snap/node/11096/bin/node","src/app.ts"],"cwd":"/home/hritikbhadauria/scaffSnapp_microservices/services/superAdminServices","execPath":"/snap/node/11096/bin/node","gid":1002,"memoryUsage":{"arrayBuffers":49823,"external":2336726,"heapTotal":55111680,"heapUsed":23428664,"rss":98226176},"pid":499001,"uid":1002,"version":"v20.20.0"},"service":"superadmin-service","stack":"Error: ⨯ Unable to compile TypeScript:\nsrc/service/superAdmin.service.ts(196,31): error TS2554: Expected 2 arguments, but got 1.\n\n    at Object.<anonymous> (/home/hritikbhadauria/scaffSnapp_microservices/services/superAdminServices/src/service/superAdmin.service.ts:1:7)\n    at Module._compile (node:internal/modules/cjs/loader:1521:14)\n    at Module._compile (/home/hritikbhadauria/scaffSnapp_microservices/services/superAdminServices/node_modules/source-map-support/source-map-support.js:521:25)\n    at Module.m._compile (/tmp/ts-node-dev-hook-930638005189776.js:69:33)\n    at Module._extensions..js (node:internal/modules/cjs/loader:1623:10)\n    at require.extensions..jsx.require.extensions..js (/tmp/ts-node-dev-hook-930638005189776.js:114:20)\n    at require.extensions.<computed> (/tmp/ts-node-dev-hook-930638005189776.js:71:20)\n    at Object.nodeDevHook [as .ts] (/home/hritikbhadauria/scaffSnapp_microservices/services/superAdminServices/node_modules/ts-node-dev/lib/hook.js:63:13)\n    at Module.load (node:internal/modules/cjs/loader:1266:32)\n    at Function.Module._load (node:internal/modules/cjs/loader:1091:12)","trace":[{"column":7,"file":"/home/hritikbhadauria/scaffSnapp_microservices/services/superAdminServices/src/service/superAdmin.service.ts","function":null,"line":1,"method":null,"native":false},{"column":14,"file":"node:internal/modules/cjs/loader","function":"Module._compile","line":1521,"method":"_compile","native":false},{"column":25,"file":"/home/hritikbhadauria/scaffSnapp_microservices/services/superAdminServices/node_modules/source-map-support/source-map-support.js","function":"Module._compile","line":521,"method":"_compile","native":false},{"column":33,"file":"/tmp/ts-node-dev-hook-930638005189776.js","function":"Module.m._compile","line":69,"method":"_compile","native":false},{"column":10,"file":"node:internal/modules/cjs/loader","function":"Module._extensions..js","line":1623,"method":".js","native":false},{"column":20,"file":"/tmp/ts-node-dev-hook-930638005189776.js","function":"require.extensions..jsx.require.extensions..js","line":114,"method":".js","native":false},{"column":20,"file":"/tmp/ts-node-dev-hook-930638005189776.js","function":"require.extensions.<computed>","line":71,"method":"<computed>","native":false},{"column":13,"file":"/home/hritikbhadauria/scaffSnapp_microservices/services/superAdminServices/node_modules/ts-node-dev/lib/hook.js","function":"Object.nodeDevHook [as .ts]","line":63,"method":"ts]","native":false},{"column":32,"file":"node:internal/modules/cjs/loader","function":"Module.load","line":1266,"method":"load","native":false},{"column":12,"file":"node:internal/modules/cjs/loader","function":"Module._load","line":1091,"method":"_load","native":false}]}
{"date":"Wed Feb 25 2026 16:14:34 GMT+0530 (India Standard Time)","error":{},"exception":true,"level":"error","message":"uncaughtException: ⨯ Unable to compile TypeScript:\nsrc/service/superAdmin.service.ts(206,26): error TS1109: Expression expected.\n\nError: ⨯ Unable to compile TypeScript:\nsrc/service/superAdmin.service.ts(206,26): error TS1109: Expression expected.\n\n    at Object.<anonymous> (/home/hritikbhadauria/scaffSnapp_microservices/services/superAdminServices/src/service/superAdmin.service.ts:1:7)\n    at Module._compile (node:internal/modules/cjs/loader:1521:14)\n    at Module._compile (/home/hritikbhadauria/scaffSnapp_microservices/services/superAdminServices/node_modules/source-map-support/source-map-support.js:521:25)\n    at Module.m._compile (/tmp/ts-node-dev-hook-930638005189776.js:69:33)\n    at Module._extensions..js (node:internal/modules/cjs/loader:1623:10)\n    at require.extensions..jsx.require.extensions..js (/tmp/ts-node-dev-hook-930638005189776.js:114:20)\n    at require.extensions.<computed> (/tmp/ts-node-dev-hook-930638005189776.js:71:20)\n    at Object.nodeDevHook [as .ts] (/home/hritikbhadauria/scaffSnapp_microservices/services/superAdminServices/node_modules/ts-node-dev/lib/hook.js:63:13)\n    at Module.load (node:internal/modules/cjs/loader:1266:32)\n    at Function.Module._load (node:internal/modules/cjs/loader:1091:12)","os":{"loadavg":[3.35,2.62,3.17],"uptime":23185.23},"process":{"argv":["/snap/node/11096/bin/node","src/app.ts"],"cwd":"/home/hritikbhadauria/scaffSnapp_microservices/services/superAdminServices","execPath":"/snap/node/11096/bin/node","gid":1002,"memoryUsage":{"arrayBuffers":49823,"external":2336726,"heapTotal":55373824,"heapUsed":22899240,"rss":97603584},"pid":499784,"uid":1002,"version":"v20.20.0"},"service":"superadmin-service","stack":"Error: ⨯ Unable to compile TypeScript:\nsrc/service/superAdmin.service.ts(206,26): error TS1109: Expression expected.\n\n    at Object.<anonymous> (/home/hritikbhadauria/scaffSnapp_microservices/services/superAdminServices/src/service/superAdmin.service.ts:1:7)\n    at Module._compile (node:internal/modules/cjs/loader:1521:14)\n    at Module._compile (/home/hritikbhadauria/scaffSnapp_microservices/services/superAdminServices/node_modules/source-map-support/source-map-support.js:521:25)\n    at Module.m._compile (/tmp/ts-node-dev-hook-930638005189776.js:69:33)\n    at Module._extensions..js (node:internal/modules/cjs/loader:1623:10)\n    at require.extensions..jsx.require.extensions..js (/tmp/ts-node-dev-hook-930638005189776.js:114:20)\n    at require.extensions.<computed> (/tmp/ts-node-dev-hook-930638005189776.js:71:20)\n    at Object.nodeDevHook [as .ts] (/home/hritikbhadauria/scaffSnapp_microservices/services/superAdminServices/node_modules/ts-node-dev/lib/hook.js:63:13)\n    at Module.load (node:internal/modules/cjs/loader:1266:32)\n    at Function.Module._load (node:internal/modules/cjs/loader:1091:12)","trace":[{"column":7,"file":"/home/hritikbhadauria/scaffSnapp_microservices/services/superAdminServices/src/service/superAdmin.service.ts","function":null,"line":1,"method":null,"native":false},{"column":14,"file":"node:internal/modules/cjs/loader","function":"Module._compile","line":1521,"method":"_compile","native":false},{"column":25,"file":"/home/hritikbhadauria/scaffSnapp_microservices/services/superAdminServices/node_modules/source-map-support/source-map-support.js","function":"Module._compile","line":521,"method":"_compile","native":false},{"column":33,"file":"/tmp/ts-node-dev-hook-930638005189776.js","function":"Module.m._compile","line":69,"method":"_compile","native":false},{"column":10,"file":"node:internal/modules/cjs/loader","function":"Module._extensions..js","line":1623,"method":".js","native":false},{"column":20,"file":"/tmp/ts-node-dev-hook-930638005189776.js","function":"require.extensions..jsx.require.extensions..js","line":114,"method":".js","native":false},{"column":20,"file":"/tmp/ts-node-dev-hook-930638005189776.js","function":"require.extensions.<computed>","line":71,"method":"<computed>","native":false},{"column":13,"file":"/home/hritikbhadauria/scaffSnapp_microservices/services/superAdminServices/node_modules/ts-node-dev/lib/hook.js","function":"Object.nodeDevHook [as .ts]","line":63,"method":"ts]","native":false},{"column":32,"file":"node:internal/modules/cjs/loader","function":"Module.load","line":1266,"method":"load","native":false},{"column":12,"file":"node:internal/modules/cjs/loader","function":"Module._load","line":1091,"method":"_load","native":false}]}
{"date":"Wed Feb 25 2026 16:24:52 GMT+0530 (India Standard Time)","error":{},"exception":true,"level":"error","message":"uncaughtException: ⨯ Unable to compile TypeScript:\nsrc/service/superAdmin.service.ts(46,45): error TS2554: Expected 1 arguments, but got 2.\n\nError: ⨯ Unable to compile TypeScript:\nsrc/service/superAdmin.service.ts(46,45): error TS2554: Expected 1 arguments, but got 2.\n\n    at Object.<anonymous> (/home/hritikbhadauria/scaffSnapp_microservices/services/superAdminServices/src/service/superAdmin.service.ts:1:7)\n    at Module._compile (node:internal/modules/cjs/loader:1521:14)\n    at Module._compile (/home/hritikbhadauria/scaffSnapp_microservices/services/superAdminServices/node_modules/source-map-support/source-map-support.js:521:25)\n    at Module.m._compile (/tmp/ts-node-dev-hook-930638005189776.js:69:33)\n    at Module._extensions..js (node:internal/modules/cjs/loader:1623:10)\n    at require.extensions..jsx.require.extensions..js (/tmp/ts-node-dev-hook-930638005189776.js:114:20)\n    at require.extensions.<computed> (/tmp/ts-node-dev-hook-930638005189776.js:71:20)\n    at Object.nodeDevHook [as .ts] (/home/hritikbhadauria/scaffSnapp_microservices/services/superAdminServices/node_modules/ts-node-dev/lib/hook.js:63:13)\n    at Module.load (node:internal/modules/cjs/loader:1266:32)\n    at Function.Module._load (node:internal/modules/cjs/loader:1091:12)","os":{"loadavg":[2.55,1.95,2.5],"uptime":23804.08},"process":{"argv":["/snap/node/11096/bin/node","src/app.ts"],"cwd":"/home/hritikbhadauria/scaffSnapp_microservices/services/superAdminServices","execPath":"/snap/node/11096/bin/node","gid":1002,"memoryUsage":{"arrayBuffers":49823,"external":2336726,"heapTotal":55373824,"heapUsed":23142048,"rss":98115584},"pid":512419,"uid":1002,"version":"v20.20.0"},"service":"superadmin-service","stack":"Error: ⨯ Unable to compile TypeScript:\nsrc/service/superAdmin.service.ts(46,45): error TS2554: Expected 1 arguments, but got 2.\n\n    at Object.<anonymous> (/home/hritikbhadauria/scaffSnapp_microservices/services/superAdminServices/src/service/superAdmin.service.ts:1:7)\n    at Module._compile (node:internal/modules/cjs/loader:1521:14)\n    at Module._compile (/home/hritikbhadauria/scaffSnapp_microservices/services/superAdminServices/node_modules/source-map-support/source-map-support.js:521:25)\n    at Module.m._compile (/tmp/ts-node-dev-hook-930638005189776.js:69:33)\n    at Module._extensions..js (node:internal/modules/cjs/loader:1623:10)\n    at require.extensions..jsx.require.extensions..js (/tmp/ts-node-dev-hook-930638005189776.js:114:20)\n    at require.extensions.<computed> (/tmp/ts-node-dev-hook-930638005189776.js:71:20)\n    at Object.nodeDevHook [as .ts] (/home/hritikbhadauria/scaffSnapp_microservices/services/superAdminServices/node_modules/ts-node-dev/lib/hook.js:63:13)\n    at Module.load (node:internal/modules/cjs/loader:1266:32)\n    at Function.Module._load (node:internal/modules/cjs/loader:1091:12)","trace":[{"column":7,"file":"/home/hritikbhadauria/scaffSnapp_microservices/services/superAdminServices/src/service/superAdmin.service.ts","function":null,"line":1,"method":null,"native":false},{"column":14,"file":"node:internal/modules/cjs/loader","function":"Module._compile","line":1521,"method":"_compile","native":false},{"column":25,"file":"/home/hritikbhadauria/scaffSnapp_microservices/services/superAdminServices/node_modules/source-map-support/source-map-support.js","function":"Module._compile","line":521,"method":"_compile","native":false},{"column":33,"file":"/tmp/ts-node-dev-hook-930638005189776.js","function":"Module.m._compile","line":69,"method":"_compile","native":false},{"column":10,"file":"node:internal/modules/cjs/loader","function":"Module._extensions..js","line":1623,"method":".js","native":false},{"column":20,"file":"/tmp/ts-node-dev-hook-930638005189776.js","function":"require.extensions..jsx.require.extensions..js","line":114,"method":".js","native":false},{"column":20,"file":"/tmp/ts-node-dev-hook-930638005189776.js","function":"require.extensions.<computed>","line":71,"method":"<computed>","native":false},{"column":13,"file":"/home/hritikbhadauria/scaffSnapp_microservices/services/superAdminServices/node_modules/ts-node-dev/lib/hook.js","function":"Object.nodeDevHook [as .ts]","line":63,"method":"ts]","native":false},{"column":32,"file":"node:internal/modules/cjs/loader","function":"Module.load","line":1266,"method":"load","native":false},{"column":12,"file":"node:internal/modules/cjs/loader","function":"Module._load","line":1091,"method":"_load","native":false}]}
{"date":"Wed Feb 25 2026 16:52:31 GMT+0530 (India Standard Time)","error":{},"exception":true,"level":"error","message":"uncaughtException: ⨯ Unable to compile TypeScript:\nsrc/service/superAdmin.service.ts(46,45): error TS2554: Expected 1 arguments, but got 2.\nsrc/service/superAdmin.service.ts(148,9): error TS2552: Cannot find name 'credential'. Did you mean 'Credential'?\nsrc/service/superAdmin.service.ts(149,5): error TS2552: Cannot find name 'credential'. Did you mean 'Credential'?\nsrc/service/superAdmin.service.ts(150,5): error TS2552: Cannot find name 'credential'. Did you mean 'Credential'?\nsrc/service/superAdmin.service.ts(151,42): error TS2552: Cannot find name 'credential'. Did you mean 'Credential'?\n\nError: ⨯ Unable to compile TypeScript:\nsrc/service/superAdmin.service.ts(46,45): error TS2554: Expected 1 arguments, but got 2.\nsrc/service/superAdmin.service.ts(148,9): error TS2552: Cannot find name 'credential'. Did you mean 'Credential'?\nsrc/service/superAdmin.service.ts(149,5): error TS2552: Cannot find name 'credential'. Did you mean 'Credential'?\nsrc/service/superAdmin.service.ts(150,5): error TS2552: Cannot find name 'credential'. Did you mean 'Credential'?\nsrc/service/superAdmin.service.ts(151,42): error TS2552: Cannot find name 'credential'. Did you mean 'Credential'?\n\n    at Object.<anonymous> (/home/hritikbhadauria/scaffSnapp_microservices/services/superAdminServices/src/service/superAdmin.service.ts:1:7)\n    at Module._compile (node:internal/modules/cjs/loader:1521:14)\n    at Module._compile (/home/hritikbhadauria/scaffSnapp_microservices/services/superAdminServices/node_modules/source-map-support/source-map-support.js:521:25)\n    at Module.m._compile (/tmp/ts-node-dev-hook-930638005189776.js:69:33)\n    at Module._extensions..js (node:internal/modules/cjs/loader:1623:10)\n    at require.extensions..jsx.require.extensions..js (/tmp/ts-node-dev-hook-930638005189776.js:114:20)\n    at require.extensions.<computed> (/tmp/ts-node-dev-hook-930638005189776.js:71:20)\n    at Object.nodeDevHook [as .ts] (/home/hritikbhadauria/scaffSnapp_microservices/services/superAdminServices/node_modules/ts-node-dev/lib/hook.js:63:13)\n    at Module.load (node:internal/modules/cjs/loader:1266:32)\n    at Function.Module._load (node:internal/modules/cjs/loader:1091:12)","os":{"loadavg":[1.56,1.6,1.42],"uptime":25462.28},"process":{"argv":["/snap/node/11096/bin/node","src/app.ts"],"cwd":"/home/hritikbhadauria/scaffSnapp_microservices/services/superAdminServices","execPath":"/snap/node/11096/bin/node","gid":1002,"memoryUsage":{"arrayBuffers":49823,"external":2336440,"heapTotal":58781696,"heapUsed":33816456,"rss":109174784},"pid":546372,"uid":1002,"version":"v20.20.0"},"service":"superadmin-service","stack":"Error: ⨯ Unable to compile TypeScript:\nsrc/service/superAdmin.service.ts(46,45): error TS2554: Expected 1 arguments, but got 2.\nsrc/service/superAdmin.service.ts(148,9): error TS2552: Cannot find name 'credential'. Did you mean 'Credential'?\nsrc/service/superAdmin.service.ts(149,5): error TS2552: Cannot find name 'credential'. Did you mean 'Credential'?\nsrc/service/superAdmin.service.ts(150,5): error TS2552: Cannot find name 'credential'. Did you mean 'Credential'?\nsrc/service/superAdmin.service.ts(151,42): error TS2552: Cannot find name 'credential'. Did you mean 'Credential'?\n\n    at Object.<anonymous> (/home/hritikbhadauria/scaffSnapp_microservices/services/superAdminServices/src/service/superAdmin.service.ts:1:7)\n    at Module._compile (node:internal/modules/cjs/loader:1521:14)\n    at Module._compile (/home/hritikbhadauria/scaffSnapp_microservices/services/superAdminServices/node_modules/source-map-support/source-map-support.js:521:25)\n    at Module.m._compile (/tmp/ts-node-dev-hook-930638005189776.js:69:33)\n    at Module._extensions..js (node:internal/modules/cjs/loader:1623:10)\n    at require.extensions..jsx.require.extensions..js (/tmp/ts-node-dev-hook-930638005189776.js:114:20)\n    at require.extensions.<computed> (/tmp/ts-node-dev-hook-930638005189776.js:71:20)\n    at Object.nodeDevHook [as .ts] (/home/hritikbhadauria/scaffSnapp_microservices/services/superAdminServices/node_modules/ts-node-dev/lib/hook.js:63:13)\n    at Module.load (node:internal/modules/cjs/loader:1266:32)\n    at Function.Module._load (node:internal/modules/cjs/loader:1091:12)","trace":[{"column":7,"file":"/home/hritikbhadauria/scaffSnapp_microservices/services/superAdminServices/src/service/superAdmin.service.ts","function":null,"line":1,"method":null,"native":false},{"column":14,"file":"node:internal/modules/cjs/loader","function":"Module._compile","line":1521,"method":"_compile","native":false},{"column":25,"file":"/home/hritikbhadauria/scaffSnapp_microservices/services/superAdminServices/node_modules/source-map-support/source-map-support.js","function":"Module._compile","line":521,"method":"_compile","native":false},{"column":33,"file":"/tmp/ts-node-dev-hook-930638005189776.js","function":"Module.m._compile","line":69,"method":"_compile","native":false},{"column":10,"file":"node:internal/modules/cjs/loader","function":"Module._extensions..js","line":1623,"method":".js","native":false},{"column":20,"file":"/tmp/ts-node-dev-hook-930638005189776.js","function":"require.extensions..jsx.require.extensions..js","line":114,"method":".js","native":false},{"column":20,"file":"/tmp/ts-node-dev-hook-930638005189776.js","function":"require.extensions.<computed>","line":71,"method":"<computed>","native":false},{"column":13,"file":"/home/hritikbhadauria/scaffSnapp_microservices/services/superAdminServices/node_modules/ts-node-dev/lib/hook.js","function":"Object.nodeDevHook [as .ts]","line":63,"method":"ts]","native":false},{"column":32,"file":"node:internal/modules/cjs/loader","function":"Module.load","line":1266,"method":"load","native":false},{"column":12,"file":"node:internal/modules/cjs/loader","function":"Module._load","line":1091,"method":"_load","native":false}]}
{"date":"Wed Feb 25 2026 16:52:41 GMT+0530 (India Standard Time)","error":{},"exception":true,"level":"error","message":"uncaughtException: ⨯ Unable to compile TypeScript:\nsrc/service/superAdmin.service.ts(148,9): error TS2552: Cannot find name 'credential'. Did you mean 'Credential'?\nsrc/service/superAdmin.service.ts(149,5): error TS2552: Cannot find name 'credential'. Did you mean 'Credential'?\nsrc/service/superAdmin.service.ts(150,5): error TS2552: Cannot find name 'credential'. Did you mean 'Credential'?\nsrc/service/superAdmin.service.ts(151,42): error TS2552: Cannot find name 'credential'. Did you mean 'Credential'?\n\nError: ⨯ Unable to compile TypeScript:\nsrc/service/superAdmin.service.ts(148,9): error TS2552: Cannot find name 'credential'. Did you mean 'Credential'?\nsrc/service/superAdmin.service.ts(149,5): error TS2552: Cannot find name 'credential'. Did you mean 'Credential'?\nsrc/service/superAdmin.service.ts(150,5): error TS2552: Cannot find name 'credential'. Did you mean 'Credential'?\nsrc/service/superAdmin.service.ts(151,42): error TS2552: Cannot find name 'credential'. Did you mean 'Credential'?\n\n    at Object.<anonymous> (/home/hritikbhadauria/scaffSnapp_microservices/services/superAdminServices/src/service/superAdmin.service.ts:1:7)\n    at Module._compile (node:internal/modules/cjs/loader:1521:14)\n    at Module._compile (/home/hritikbhadauria/scaffSnapp_microservices/services/superAdminServices/node_modules/source-map-support/source-map-support.js:521:25)\n    at Module.m._compile (/tmp/ts-node-dev-hook-930638005189776.js:69:33)\n    at Module._extensions..js (node:internal/modules/cjs/loader:1623:10)\n    at require.extensions..jsx.require.extensions..js (/tmp/ts-node-dev-hook-930638005189776.js:114:20)\n    at require.extensions.<computed> (/tmp/ts-node-dev-hook-930638005189776.js:71:20)\n    at Object.nodeDevHook [as .ts] (/home/hritikbhadauria/scaffSnapp_microservices/services/superAdminServices/node_modules/ts-node-dev/lib/hook.js:63:13)\n    at Module.load (node:internal/modules/cjs/loader:1266:32)\n    at Function.Module._load (node:internal/modules/cjs/loader:1091:12)","os":{"loadavg":[2.57,1.81,1.5],"uptime":25472.89},"process":{"argv":["/snap/node/11096/bin/node","src/app.ts"],"cwd":"/home/hritikbhadauria/scaffSnapp_microservices/services/superAdminServices","execPath":"/snap/node/11096/bin/node","gid":1002,"memoryUsage":{"arrayBuffers":49823,"external":2336726,"heapTotal":55111680,"heapUsed":23634920,"rss":96620544},"pid":546787,"uid":1002,"version":"v20.20.0"},"service":"superadmin-service","stack":"Error: ⨯ Unable to compile TypeScript:\nsrc/service/superAdmin.service.ts(148,9): error TS2552: Cannot find name 'credential'. Did you mean 'Credential'?\nsrc/service/superAdmin.service.ts(149,5): error TS2552: Cannot find name 'credential'. Did you mean 'Credential'?\nsrc/service/superAdmin.service.ts(150,5): error TS2552: Cannot find name 'credential'. Did you mean 'Credential'?\nsrc/service/superAdmin.service.ts(151,42): error TS2552: Cannot find name 'credential'. Did you mean 'Credential'?\n\n    at Object.<anonymous> (/home/hritikbhadauria/scaffSnapp_microservices/services/superAdminServices/src/service/superAdmin.service.ts:1:7)\n    at Module._compile (node:internal/modules/cjs/loader:1521:14)\n    at Module._compile (/home/hritikbhadauria/scaffSnapp_microservices/services/superAdminServices/node_modules/source-map-support/source-map-support.js:521:25)\n    at Module.m._compile (/tmp/ts-node-dev-hook-930638005189776.js:69:33)\n    at Module._extensions..js (node:internal/modules/cjs/loader:1623:10)\n    at require.extensions..jsx.require.extensions..js (/tmp/ts-node-dev-hook-930638005189776.js:114:20)\n    at require.extensions.<computed> (/tmp/ts-node-dev-hook-930638005189776.js:71:20)\n    at Object.nodeDevHook [as .ts] (/home/hritikbhadauria/scaffSnapp_microservices/services/superAdminServices/node_modules/ts-node-dev/lib/hook.js:63:13)\n    at Module.load (node:internal/modules/cjs/loader:1266:32)\n    at Function.Module._load (node:internal/modules/cjs/loader:1091:12)","trace":[{"column":7,"file":"/home/hritikbhadauria/scaffSnapp_microservices/services/superAdminServices/src/service/superAdmin.service.ts","function":null,"line":1,"method":null,"native":false},{"column":14,"file":"node:internal/modules/cjs/loader","function":"Module._compile","line":1521,"method":"_compile","native":false},{"column":25,"file":"/home/hritikbhadauria/scaffSnapp_microservices/services/superAdminServices/node_modules/source-map-support/source-map-support.js","function":"Module._compile","line":521,"method":"_compile","native":false},{"column":33,"file":"/tmp/ts-node-dev-hook-930638005189776.js","function":"Module.m._compile","line":69,"method":"_compile","native":false},{"column":10,"file":"node:internal/modules/cjs/loader","function":"Module._extensions..js","line":1623,"method":".js","native":false},{"column":20,"file":"/tmp/ts-node-dev-hook-930638005189776.js","function":"require.extensions..jsx.require.extensions..js","line":114,"method":".js","native":false},{"column":20,"file":"/tmp/ts-node-dev-hook-930638005189776.js","function":"require.extensions.<computed>","line":71,"method":"<computed>","native":false},{"column":13,"file":"/home/hritikbhadauria/scaffSnapp_microservices/services/superAdminServices/node_modules/ts-node-dev/lib/hook.js","function":"Object.nodeDevHook [as .ts]","line":63,"method":"ts]","native":false},{"column":32,"file":"node:internal/modules/cjs/loader","function":"Module.load","line":1266,"method":"load","native":false},{"column":12,"file":"node:internal/modules/cjs/loader","function":"Module._load","line":1091,"method":"_load","native":false}]}
{"date":"Wed Feb 25 2026 16:53:19 GMT+0530 (India Standard Time)","error":{},"exception":true,"level":"error","message":"uncaughtException: ⨯ Unable to compile TypeScript:\nsrc/service/superAdmin.service.ts(46,16): error TS2554: Expected 2 arguments, but got 1.\nsrc/service/superAdmin.service.ts(145,60): error TS2304: Cannot find name 'S'.\nsrc/service/superAdmin.service.ts(148,9): error TS2552: Cannot find name 'credential'. Did you mean 'credentials'?\nsrc/service/superAdmin.service.ts(149,5): error TS2552: Cannot find name 'credential'. Did you mean 'credentials'?\nsrc/service/superAdmin.service.ts(150,5): error TS2552: Cannot find name 'credential'. Did you mean 'credentials'?\nsrc/service/superAdmin.service.ts(151,42): error TS2552: Cannot find name 'credential'. Did you mean 'credentials'?\n\nError: ⨯ Unable to compile TypeScript:\nsrc/service/superAdmin.service.ts(46,16): error TS2554: Expected 2 arguments, but got 1.\nsrc/service/superAdmin.service.ts(145,60): error TS2304: Cannot find name 'S'.\nsrc/service/superAdmin.service.ts(148,9): error TS2552: Cannot find name 'credential'. Did you mean 'credentials'?\nsrc/service/superAdmin.service.ts(149,5): error TS2552: Cannot find name 'credential'. Did you mean 'credentials'?\nsrc/service/superAdmin.service.ts(150,5): error TS2552: Cannot find name 'credential'. Did you mean 'credentials'?\nsrc/service/superAdmin.service.ts(151,42): error TS2552: Cannot find name 'credential'. Did you mean 'credentials'?\n\n    at Object.<anonymous> (/home/hritikbhadauria/scaffSnapp_microservices/services/superAdminServices/src/service/superAdmin.service.ts:1:7)\n    at Module._compile (node:internal/modules/cjs/loader:1521:14)\n    at Module._compile (/home/hritikbhadauria/scaffSnapp_microservices/services/superAdminServices/node_modules/source-map-support/source-map-support.js:521:25)\n    at Module.m._compile (/tmp/ts-node-dev-hook-930638005189776.js:69:33)\n    at Module._extensions..js (node:internal/modules/cjs/loader:1623:10)\n    at require.extensions..jsx.require.extensions..js (/tmp/ts-node-dev-hook-930638005189776.js:114:20)\n    at require.extensions.<computed> (/tmp/ts-node-dev-hook-930638005189776.js:71:20)\n    at Object.nodeDevHook [as .ts] (/home/hritikbhadauria/scaffSnapp_microservices/services/superAdminServices/node_modules/ts-node-dev/lib/hook.js:63:13)\n    at Module.load (node:internal/modules/cjs/loader:1266:32)\n    at Function.Module._load (node:internal/modules/cjs/loader:1091:12)","os":{"loadavg":[3.98,2.23,1.65],"uptime":25510.64},"process":{"argv":["/snap/node/11096/bin/node","src/app.ts"],"cwd":"/home/hritikbhadauria/scaffSnapp_microservices/services/superAdminServices","execPath":"/snap/node/11096/bin/node","gid":1002,"memoryUsage":{"arrayBuffers":49823,"external":2336726,"heapTotal":55111680,"heapUsed":22832384,"rss":97411072},"pid":547616,"uid":1002,"version":"v20.20.0"},"service":"superadmin-service","stack":"Error: ⨯ Unable to compile TypeScript:\nsrc/service/superAdmin.service.ts(46,16): error TS2554: Expected 2 arguments, but got 1.\nsrc/service/superAdmin.service.ts(145,60): error TS2304: Cannot find name 'S'.\nsrc/service/superAdmin.service.ts(148,9): error TS2552: Cannot find name 'credential'. Did you mean 'credentials'?\nsrc/service/superAdmin.service.ts(149,5): error TS2552: Cannot find name 'credential'. Did you mean 'credentials'?\nsrc/service/superAdmin.service.ts(150,5): error TS2552: Cannot find name 'credential'. Did you mean 'credentials'?\nsrc/service/superAdmin.service.ts(151,42): error TS2552: Cannot find name 'credential'. Did you mean 'credentials'?\n\n    at Object.<anonymous> (/home/hritikbhadauria/scaffSnapp_microservices/services/superAdminServices/src/service/superAdmin.service.ts:1:7)\n    at Module._compile (node:internal/modules/cjs/loader:1521:14)\n    at Module._compile (/home/hritikbhadauria/scaffSnapp_microservices/services/superAdminServices/node_modules/source-map-support/source-map-support.js:521:25)\n    at Module.m._compile (/tmp/ts-node-dev-hook-930638005189776.js:69:33)\n    at Module._extensions..js (node:internal/modules/cjs/loader:1623:10)\n    at require.extensions..jsx.require.extensions..js (/tmp/ts-node-dev-hook-930638005189776.js:114:20)\n    at require.extensions.<computed> (/tmp/ts-node-dev-hook-930638005189776.js:71:20)\n    at Object.nodeDevHook [as .ts] (/home/hritikbhadauria/scaffSnapp_microservices/services/superAdminServices/node_modules/ts-node-dev/lib/hook.js:63:13)\n    at Module.load (node:internal/modules/cjs/loader:1266:32)\n    at Function.Module._load (node:internal/modules/cjs/loader:1091:12)","trace":[{"column":7,"file":"/home/hritikbhadauria/scaffSnapp_microservices/services/superAdminServices/src/service/superAdmin.service.ts","function":null,"line":1,"method":null,"native":false},{"column":14,"file":"node:internal/modules/cjs/loader","function":"Module._compile","line":1521,"method":"_compile","native":false},{"column":25,"file":"/home/hritikbhadauria/scaffSnapp_microservices/services/superAdminServices/node_modules/source-map-support/source-map-support.js","function":"Module._compile","line":521,"method":"_compile","native":false},{"column":33,"file":"/tmp/ts-node-dev-hook-930638005189776.js","function":"Module.m._compile","line":69,"method":"_compile","native":false},{"column":10,"file":"node:internal/modules/cjs/loader","function":"Module._extensions..js","line":1623,"method":".js","native":false},{"column":20,"file":"/tmp/ts-node-dev-hook-930638005189776.js","function":"require.extensions..jsx.require.extensions..js","line":114,"method":".js","native":false},{"column":20,"file":"/tmp/ts-node-dev-hook-930638005189776.js","function":"require.extensions.<computed>","line":71,"method":"<computed>","native":false},{"column":13,"file":"/home/hritikbhadauria/scaffSnapp_microservices/services/superAdminServices/node_modules/ts-node-dev/lib/hook.js","function":"Object.nodeDevHook [as .ts]","line":63,"method":"ts]","native":false},{"column":32,"file":"node:internal/modules/cjs/loader","function":"Module.load","line":1266,"method":"load","native":false},{"column":12,"file":"node:internal/modules/cjs/loader","function":"Module._load","line":1091,"method":"_load","native":false}]}
{"date":"Wed Feb 25 2026 16:53:30 GMT+0530 (India Standard Time)","error":{},"exception":true,"level":"error","message":"uncaughtException: ⨯ Unable to compile TypeScript:\nsrc/service/superAdmin.service.ts(46,16): error TS2554: Expected 2 arguments, but got 1.\nsrc/service/superAdmin.service.ts(148,9): error TS2552: Cannot find name 'credential'. Did you mean 'credentials'?\nsrc/service/superAdmin.service.ts(149,5): error TS2552: Cannot find name 'credential'. Did you mean 'credentials'?\nsrc/service/superAdmin.service.ts(150,5): error TS2552: Cannot find name 'credential'. Did you mean 'credentials'?\nsrc/service/superAdmin.service.ts(151,42): error TS2552: Cannot find name 'credential'. Did you mean 'credentials'?\n\nError: ⨯ Unable to compile TypeScript:\nsrc/service/superAdmin.service.ts(46,16): error TS2554: Expected 2 arguments, but got 1.\nsrc/service/superAdmin.service.ts(148,9): error TS2552: Cannot find name 'credential'. Did you mean 'credentials'?\nsrc/service/superAdmin.service.ts(149,5): error TS2552: Cannot find name 'credential'. Did you mean 'credentials'?\nsrc/service/superAdmin.service.ts(150,5): error TS2552: Cannot find name 'credential'. Did you mean 'credentials'?\nsrc/service/superAdmin.service.ts(151,42): error TS2552: Cannot find name 'credential'. Did you mean 'credentials'?\n\n    at Object.<anonymous> (/home/hritikbhadauria/scaffSnapp_microservices/services/superAdminServices/src/service/superAdmin.service.ts:1:7)\n    at Module._compile (node:internal/modules/cjs/loader:1521:14)\n    at Module._compile (/home/hritikbhadauria/scaffSnapp_microservices/services/superAdminServices/node_modules/source-map-support/source-map-support.js:521:25)\n    at Module.m._compile (/tmp/ts-node-dev-hook-930638005189776.js:69:33)\n    at Module._extensions..js (node:internal/modules/cjs/loader:1623:10)\n    at require.extensions..jsx.require.extensions..js (/tmp/ts-node-dev-hook-930638005189776.js:114:20)\n    at require.extensions.<computed> (/tmp/ts-node-dev-hook-930638005189776.js:71:20)\n    at Object.nodeDevHook [as .ts] (/home/hritikbhadauria/scaffSnapp_microservices/services/superAdminServices/node_modules/ts-node-dev/lib/hook.js:63:13)\n    at Module.load (node:internal/modules/cjs/loader:1266:32)\n    at Function.Module._load (node:internal/modules/cjs/loader:1091:12)","os":{"loadavg":[5.32,2.57,1.77],"uptime":25522.16},"process":{"argv":["/snap/node/11096/bin/node","src/app.ts"],"cwd":"/home/hritikbhadauria/scaffSnapp_microservices/services/superAdminServices","execPath":"/snap/node/11096/bin/node","gid":1002,"memoryUsage":{"arrayBuffers":49823,"external":2336440,"heapTotal":58519552,"heapUsed":33326480,"rss":109469696},"pid":547729,"uid":1002,"version":"v20.20.0"},"service":"superadmin-service","stack":"Error: ⨯ Unable to compile TypeScript:\nsrc/service/superAdmin.service.ts(46,16): error TS2554: Expected 2 arguments, but got 1.\nsrc/service/superAdmin.service.ts(148,9): error TS2552: Cannot find name 'credential'. Did you mean 'credentials'?\nsrc/service/superAdmin.service.ts(149,5): error TS2552: Cannot find name 'credential'. Did you mean 'credentials'?\nsrc/service/superAdmin.service.ts(150,5): error TS2552: Cannot find name 'credential'. Did you mean 'credentials'?\nsrc/service/superAdmin.service.ts(151,42): error TS2552: Cannot find name 'credential'. Did you mean 'credentials'?\n\n    at Object.<anonymous> (/home/hritikbhadauria/scaffSnapp_microservices/services/superAdminServices/src/service/superAdmin.service.ts:1:7)\n    at Module._compile (node:internal/modules/cjs/loader:1521:14)\n    at Module._compile (/home/hritikbhadauria/scaffSnapp_microservices/services/superAdminServices/node_modules/source-map-support/source-map-support.js:521:25)\n    at Module.m._compile (/tmp/ts-node-dev-hook-930638005189776.js:69:33)\n    at Module._extensions..js (node:internal/modules/cjs/loader:1623:10)\n    at require.extensions..jsx.require.extensions..js (/tmp/ts-node-dev-hook-930638005189776.js:114:20)\n    at require.extensions.<computed> (/tmp/ts-node-dev-hook-930638005189776.js:71:20)\n    at Object.nodeDevHook [as .ts] (/home/hritikbhadauria/scaffSnapp_microservices/services/superAdminServices/node_modules/ts-node-dev/lib/hook.js:63:13)\n    at Module.load (node:internal/modules/cjs/loader:1266:32)\n    at Function.Module._load (node:internal/modules/cjs/loader:1091:12)","trace":[{"column":7,"file":"/home/hritikbhadauria/scaffSnapp_microservices/services/superAdminServices/src/service/superAdmin.service.ts","function":null,"line":1,"method":null,"native":false},{"column":14,"file":"node:internal/modules/cjs/loader","function":"Module._compile","line":1521,"method":"_compile","native":false},{"column":25,"file":"/home/hritikbhadauria/scaffSnapp_microservices/services/superAdminServices/node_modules/source-map-support/source-map-support.js","function":"Module._compile","line":521,"method":"_compile","native":false},{"column":33,"file":"/tmp/ts-node-dev-hook-930638005189776.js","function":"Module.m._compile","line":69,"method":"_compile","native":false},{"column":10,"file":"node:internal/modules/cjs/loader","function":"Module._extensions..js","line":1623,"method":".js","native":false},{"column":20,"file":"/tmp/ts-node-dev-hook-930638005189776.js","function":"require.extensions..jsx.require.extensions..js","line":114,"method":".js","native":false},{"column":20,"file":"/tmp/ts-node-dev-hook-930638005189776.js","function":"require.extensions.<computed>","line":71,"method":"<computed>","native":false},{"column":13,"file":"/home/hritikbhadauria/scaffSnapp_microservices/services/superAdminServices/node_modules/ts-node-dev/lib/hook.js","function":"Object.nodeDevHook [as .ts]","line":63,"method":"ts]","native":false},{"column":32,"file":"node:internal/modules/cjs/loader","function":"Module.load","line":1266,"method":"load","native":false},{"column":12,"file":"node:internal/modules/cjs/loader","function":"Module._load","line":1091,"method":"_load","native":false}]}
{"date":"Wed Feb 25 2026 16:53:43 GMT+0530 (India Standard Time)","error":{},"exception":true,"level":"error","message":"uncaughtException: ⨯ Unable to compile TypeScript:\nsrc/service/superAdmin.service.ts(46,16): error TS2554: Expected 2 arguments, but got 1.\nsrc/service/superAdmin.service.ts(150,5): error TS2322: Type 'null' is not assignable to type 'Date | undefined'.\n\nError: ⨯ Unable to compile TypeScript:\nsrc/service/superAdmin.service.ts(46,16): error TS2554: Expected 2 arguments, but got 1.\nsrc/service/superAdmin.service.ts(150,5): error TS2322: Type 'null' is not assignable to type 'Date | undefined'.\n\n    at Object.<anonymous> (/home/hritikbhadauria/scaffSnapp_microservices/services/superAdminServices/src/service/superAdmin.service.ts:1:7)\n    at Module._compile (node:internal/modules/cjs/loader:1521:14)\n    at Module._compile (/home/hritikbhadauria/scaffSnapp_microservices/services/superAdminServices/node_modules/source-map-support/source-map-support.js:521:25)\n    at Module.m._compile (/tmp/ts-node-dev-hook-930638005189776.js:69:33)\n    at Module._extensions..js (node:internal/modules/cjs/loader:1623:10)\n    at require.extensions..jsx.require.extensions..js (/tmp/ts-node-dev-hook-930638005189776.js:114:20)\n    at require.extensions.<computed> (/tmp/ts-node-dev-hook-930638005189776.js:71:20)\n    at Object.nodeDevHook [as .ts] (/home/hritikbhadauria/scaffSnapp_microservices/services/superAdminServices/node_modules/ts-node-dev/lib/hook.js:63:13)\n    at Module.load (node:internal/modules/cjs/loader:1266:32)\n    at Function.Module._load (node:internal/modules/cjs/loader:1091:12)","os":{"loadavg":[5.61,2.72,1.82],"uptime":25534.52},"process":{"argv":["/snap/node/11096/bin/node","src/app.ts"],"cwd":"/home/hritikbhadauria/scaffSnapp_microservices/services/superAdminServices","execPath":"/snap/node/11096/bin/node","gid":1002,"memoryUsage":{"arrayBuffers":49823,"external":2336726,"heapTotal":55111680,"heapUsed":23150920,"rss":98721792},"pid":548207,"uid":1002,"version":"v20.20.0"},"service":"superadmin-service","stack":"Error: ⨯ Unable to compile TypeScript:\nsrc/service/superAdmin.service.ts(46,16): error TS2554: Expected 2 arguments, but got 1.\nsrc/service/superAdmin.service.ts(150,5): error TS2322: Type 'null' is not assignable to type 'Date | undefined'.\n\n    at Object.<anonymous> (/home/hritikbhadauria/scaffSnapp_microservices/services/superAdminServices/src/service/superAdmin.service.ts:1:7)\n    at Module._compile (node:internal/modules/cjs/loader:1521:14)\n    at Module._compile (/home/hritikbhadauria/scaffSnapp_microservices/services/superAdminServices/node_modules/source-map-support/source-map-support.js:521:25)\n    at Module.m._compile (/tmp/ts-node-dev-hook-930638005189776.js:69:33)\n    at Module._extensions..js (node:internal/modules/cjs/loader:1623:10)\n    at require.extensions..jsx.require.extensions..js (/tmp/ts-node-dev-hook-930638005189776.js:114:20)\n    at require.extensions.<computed> (/tmp/ts-node-dev-hook-930638005189776.js:71:20)\n    at Object.nodeDevHook [as .ts] (/home/hritikbhadauria/scaffSnapp_microservices/services/superAdminServices/node_modules/ts-node-dev/lib/hook.js:63:13)\n    at Module.load (node:internal/modules/cjs/loader:1266:32)\n    at Function.Module._load (node:internal/modules/cjs/loader:1091:12)","trace":[{"column":7,"file":"/home/hritikbhadauria/scaffSnapp_microservices/services/superAdminServices/src/service/superAdmin.service.ts","function":null,"line":1,"method":null,"native":false},{"column":14,"file":"node:internal/modules/cjs/loader","function":"Module._compile","line":1521,"method":"_compile","native":false},{"column":25,"file":"/home/hritikbhadauria/scaffSnapp_microservices/services/superAdminServices/node_modules/source-map-support/source-map-support.js","function":"Module._compile","line":521,"method":"_compile","native":false},{"column":33,"file":"/tmp/ts-node-dev-hook-930638005189776.js","function":"Module.m._compile","line":69,"method":"_compile","native":false},{"column":10,"file":"node:internal/modules/cjs/loader","function":"Module._extensions..js","line":1623,"method":".js","native":false},{"column":20,"file":"/tmp/ts-node-dev-hook-930638005189776.js","function":"require.extensions..jsx.require.extensions..js","line":114,"method":".js","native":false},{"column":20,"file":"/tmp/ts-node-dev-hook-930638005189776.js","function":"require.extensions.<computed>","line":71,"method":"<computed>","native":false},{"column":13,"file":"/home/hritikbhadauria/scaffSnapp_microservices/services/superAdminServices/node_modules/ts-node-dev/lib/hook.js","function":"Object.nodeDevHook [as .ts]","line":63,"method":"ts]","native":false},{"column":32,"file":"node:internal/modules/cjs/loader","function":"Module.load","line":1266,"method":"load","native":false},{"column":12,"file":"node:internal/modules/cjs/loader","function":"Module._load","line":1091,"method":"_load","native":false}]}
{"date":"Wed Feb 25 2026 16:54:23 GMT+0530 (India Standard Time)","error":{},"exception":true,"level":"error","message":"uncaughtException: ⨯ Unable to compile TypeScript:\nsrc/service/superAdmin.service.ts(46,16): error TS2554: Expected 2 arguments, but got 1.\nsrc/service/superAdmin.service.ts(150,5): error TS2322: Type 'null' is not assignable to type 'Date | undefined'.\n\nError: ⨯ Unable to compile TypeScript:\nsrc/service/superAdmin.service.ts(46,16): error TS2554: Expected 2 arguments, but got 1.\nsrc/service/superAdmin.service.ts(150,5): error TS2322: Type 'null' is not assignable to type 'Date | undefined'.\n\n    at Object.<anonymous> (/home/hritikbhadauria/scaffSnapp_microservices/services/superAdminServices/src/service/superAdmin.service.ts:1:7)\n    at Module._compile (node:internal/modules/cjs/loader:1521:14)\n    at Module._compile (/home/hritikbhadauria/scaffSnapp_microservices/services/superAdminServices/node_modules/source-map-support/source-map-support.js:521:25)\n    at Module.m._compile (/tmp/ts-node-dev-hook-930638005189776.js:69:33)\n    at Module._extensions..js (node:internal/modules/cjs/loader:1623:10)\n    at require.extensions..jsx.require.extensions..js (/tmp/ts-node-dev-hook-930638005189776.js:114:20)\n    at require.extensions.<computed> (/tmp/ts-node-dev-hook-930638005189776.js:71:20)\n    at Object.nodeDevHook [as .ts] (/home/hritikbhadauria/scaffSnapp_microservices/services/superAdminServices/node_modules/ts-node-dev/lib/hook.js:63:13)\n    at Module.load (node:internal/modules/cjs/loader:1266:32)\n    at Function.Module._load (node:internal/modules/cjs/loader:1091:12)","os":{"loadavg":[3.82,2.6,1.82],"uptime":25574.6},"process":{"argv":["/snap/node/11096/bin/node","src/app.ts"],"cwd":"/home/hritikbhadauria/scaffSnapp_microservices/services/superAdminServices","execPath":"/snap/node/11096/bin/node","gid":1002,"memoryUsage":{"arrayBuffers":49823,"external":2336726,"heapTotal":55635968,"heapUsed":23195496,"rss":97046528},"pid":549119,"uid":1002,"version":"v20.20.0"},"service":"superadmin-service","stack":"Error: ⨯ Unable to compile TypeScript:\nsrc/service/superAdmin.service.ts(46,16): error TS2554: Expected 2 arguments, but got 1.\nsrc/service/superAdmin.service.ts(150,5): error TS2322: Type 'null' is not assignable to type 'Date | undefined'.\n\n    at Object.<anonymous> (/home/hritikbhadauria/scaffSnapp_microservices/services/superAdminServices/src/service/superAdmin.service.ts:1:7)\n    at Module._compile (node:internal/modules/cjs/loader:1521:14)\n    at Module._compile (/home/hritikbhadauria/scaffSnapp_microservices/services/superAdminServices/node_modules/source-map-support/source-map-support.js:521:25)\n    at Module.m._compile (/tmp/ts-node-dev-hook-930638005189776.js:69:33)\n    at Module._extensions..js (node:internal/modules/cjs/loader:1623:10)\n    at require.extensions..jsx.require.extensions..js (/tmp/ts-node-dev-hook-930638005189776.js:114:20)\n    at require.extensions.<computed> (/tmp/ts-node-dev-hook-930638005189776.js:71:20)\n    at Object.nodeDevHook [as .ts] (/home/hritikbhadauria/scaffSnapp_microservices/services/superAdminServices/node_modules/ts-node-dev/lib/hook.js:63:13)\n    at Module.load (node:internal/modules/cjs/loader:1266:32)\n    at Function.Module._load (node:internal/modules/cjs/loader:1091:12)","trace":[{"column":7,"file":"/home/hritikbhadauria/scaffSnapp_microservices/services/superAdminServices/src/service/superAdmin.service.ts","function":null,"line":1,"method":null,"native":false},{"column":14,"file":"node:internal/modules/cjs/loader","function":"Module._compile","line":1521,"method":"_compile","native":false},{"column":25,"file":"/home/hritikbhadauria/scaffSnapp_microservices/services/superAdminServices/node_modules/source-map-support/source-map-support.js","function":"Module._compile","line":521,"method":"_compile","native":false},{"column":33,"file":"/tmp/ts-node-dev-hook-930638005189776.js","function":"Module.m._compile","line":69,"method":"_compile","native":false},{"column":10,"file":"node:internal/modules/cjs/loader","function":"Module._extensions..js","line":1623,"method":".js","native":false},{"column":20,"file":"/tmp/ts-node-dev-hook-930638005189776.js","function":"require.extensions..jsx.require.extensions..js","line":114,"method":".js","native":false},{"column":20,"file":"/tmp/ts-node-dev-hook-930638005189776.js","function":"require.extensions.<computed>","line":71,"method":"<computed>","native":false},{"column":13,"file":"/home/hritikbhadauria/scaffSnapp_microservices/services/superAdminServices/node_modules/ts-node-dev/lib/hook.js","function":"Object.nodeDevHook [as .ts]","line":63,"method":"ts]","native":false},{"column":32,"file":"node:internal/modules/cjs/loader","function":"Module.load","line":1266,"method":"load","native":false},{"column":12,"file":"node:internal/modules/cjs/loader","function":"Module._load","line":1091,"method":"_load","native":false}]}
